# JRE version: Java(TM) SE Runtime Environment (8.0_31-b13) (build 1.8.0_31-b13)
# Java VM: Java HotSpot(TM) 64-Bit Server VM (25.31-b07 mixed mode windows-amd64 compressed oops)
Heap:
 PSYoungGen      total 73216K, used 33880K [0x00000000f5600000, 0x00000000fa500000, 0x0000000100000000)
  eden space 67072K, 41% used [0x00000000f5600000,0x00000000f7162160,0x00000000f9780000)
  from space 6144K, 95% used [0x00000000f9e00000,0x00000000fa3b4010,0x00000000fa400000)
  to   space 6656K, 0% used [0x00000000f9780000,0x00000000f9780000,0x00000000f9e00000)
 ParOldGen       total 22016K, used 7865K [0x00000000e0200000, 0x00000000e1780000, 0x00000000f5600000)
  object space 22016K, 35% used [0x00000000e0200000,0x00000000e09ae670,0x00000000e1780000)
 Metaspace       used 16561K, capacity 17076K, committed 17280K, reserved 1064960K
  class space    used 1931K, capacity 2093K, committed 2176K, reserved 1048576K
GC Heap History (10 events):
Event: 2.386 GC heap before
{Heap before GC invocations=4 (full 0):
 PSYoungGen      total 9728K, used 9712K [0x00000000f5600000, 0x00000000f6900000, 0x0000000100000000)
  eden space 8704K, 100% used [0x00000000f5600000,0x00000000f5e80000,0x00000000f5e80000)
  from space 1024K, 98% used [0x00000000f5e80000,0x00000000f5f7c010,0x00000000f5f80000)
  to   space 1024K, 0% used [0x00000000f6800000,0x00000000f6800000,0x00000000f6900000)
 ParOldGen       total 22016K, used 2987K [0x00000000e0200000, 0x00000000e1780000, 0x00000000f5600000)
  object space 22016K, 13% used [0x00000000e0200000,0x00000000e04eac40,0x00000000e1780000)
 Metaspace       used 7671K, capacity 7868K, committed 8064K, reserved 1056768K
  class space    used 961K, capacity 1048K, committed 1152K, reserved 1048576K
Event: 2.402 GC heap after
Heap after GC invocations=4 (full 0):
 PSYoungGen      total 18432K, used 1024K [0x00000000f5600000, 0x00000000f6900000, 0x0000000100000000)
  eden space 17408K, 0% used [0x00000000f5600000,0x00000000f5600000,0x00000000f6700000)
  from space 1024K, 100% used [0x00000000f6800000,0x00000000f6900000,0x00000000f6900000)
  to   space 1024K, 0% used [0x00000000f6700000,0x00000000f6700000,0x00000000f6800000)
 ParOldGen       total 22016K, used 3409K [0x00000000e0200000, 0x00000000e1780000, 0x00000000f5600000)
  object space 22016K, 15% used [0x00000000e0200000,0x00000000e05544d0,0x00000000e1780000)
 Metaspace       used 7671K, capacity 7868K, committed 8064K, reserved 1056768K
  class space    used 961K, capacity 1048K, committed 1152K, reserved 1048576K
}
Event: 3.384 GC heap before
{Heap before GC invocations=5 (full 0):
 PSYoungGen      total 18432K, used 18432K [0x00000000f5600000, 0x00000000f6900000, 0x0000000100000000)
  eden space 17408K, 100% used [0x00000000f5600000,0x00000000f6700000,0x00000000f6700000)
  from space 1024K, 100% used [0x00000000f6800000,0x00000000f6900000,0x00000000f6900000)
  to   space 1024K, 0% used [0x00000000f6700000,0x00000000f6700000,0x00000000f6800000)
 ParOldGen       total 22016K, used 3409K [0x00000000e0200000, 0x00000000e1780000, 0x00000000f5600000)
  object space 22016K, 15% used [0x00000000e0200000,0x00000000e05544d0,0x00000000e1780000)
 Metaspace       used 9611K, capacity 9820K, committed 9984K, reserved 1058816K
  class space    used 1171K, capacity 1248K, committed 1280K, reserved 1048576K
Event: 3.397 GC heap after
Heap after GC invocations=5 (full 0):
 PSYoungGen      total 18432K, used 1024K [0x00000000f5600000, 0x00000000f7f00000, 0x0000000100000000)
  eden space 17408K, 0% used [0x00000000f5600000,0x00000000f5600000,0x00000000f6700000)
  from space 1024K, 100% used [0x00000000f6700000,0x00000000f6800000,0x00000000f6800000)
  to   space 3584K, 0% used [0x00000000f7b80000,0x00000000f7b80000,0x00000000f7f00000)
 ParOldGen       total 22016K, used 6006K [0x00000000e0200000, 0x00000000e1780000, 0x00000000f5600000)
  object space 22016K, 27% used [0x00000000e0200000,0x00000000e07dda80,0x00000000e1780000)
 Metaspace       used 9611K, capacity 9820K, committed 9984K, reserved 1058816K
  class space    used 1171K, capacity 1248K, committed 1280K, reserved 1048576K
}
Event: 4.133 GC heap before
{Heap before GC invocations=6 (full 0):
 PSYoungGen      total 18432K, used 18432K [0x00000000f5600000, 0x00000000f7f00000, 0x0000000100000000)
  eden space 17408K, 100% used [0x00000000f5600000,0x00000000f6700000,0x00000000f6700000)
  from space 1024K, 100% used [0x00000000f6700000,0x00000000f6800000,0x00000000f6800000)
  to   space 3584K, 0% used [0x00000000f7b80000,0x00000000f7b80000,0x00000000f7f00000)
 ParOldGen       total 22016K, used 6006K [0x00000000e0200000, 0x00000000e1780000, 0x00000000f5600000)
  object space 22016K, 27% used [0x00000000e0200000,0x00000000e07dda80,0x00000000e1780000)
 Metaspace       used 11518K, capacity 11662K, committed 11904K, reserved 1058816K
  class space    used 1447K, capacity 1541K, committed 1664K, reserved 1048576K
Event: 4.147 GC heap after
Heap after GC invocations=6 (full 0):
 PSYoungGen      total 37376K, used 3565K [0x00000000f5600000, 0x00000000f8100000, 0x0000000100000000)
  eden space 33792K, 0% used [0x00000000f5600000,0x00000000f5600000,0x00000000f7700000)
  from space 3584K, 99% used [0x00000000f7b80000,0x00000000f7efb4b8,0x00000000f7f00000)
  to   space 4608K, 0% used [0x00000000f7700000,0x00000000f7700000,0x00000000f7b80000)
 ParOldGen       total 22016K, used 6251K [0x00000000e0200000, 0x00000000e1780000, 0x00000000f5600000)
  object space 22016K, 28% used [0x00000000e0200000,0x00000000e081af00,0x00000000e1780000)
 Metaspace       used 11518K, capacity 11662K, committed 11904K, reserved 1058816K
  class space    used 1447K, capacity 1541K, committed 1664K, reserved 1048576K
}
Event: 6.348 GC heap before
{Heap before GC invocations=7 (full 0):
 PSYoungGen      total 37376K, used 37357K [0x00000000f5600000, 0x00000000f8100000, 0x0000000100000000)
  eden space 33792K, 100% used [0x00000000f5600000,0x00000000f7700000,0x00000000f7700000)
  from space 3584K, 99% used [0x00000000f7b80000,0x00000000f7efb4b8,0x00000000f7f00000)
  to   space 4608K, 0% used [0x00000000f7700000,0x00000000f7700000,0x00000000f7b80000)
 ParOldGen       total 22016K, used 6251K [0x00000000e0200000, 0x00000000e1780000, 0x00000000f5600000)
  object space 22016K, 28% used [0x00000000e0200000,0x00000000e081af00,0x00000000e1780000)
 Metaspace       used 14522K, capacity 14684K, committed 14976K, reserved 1062912K
  class space    used 1769K, capacity 1874K, committed 1920K, reserved 1048576K
Event: 6.375 GC heap after
Heap after GC invocations=7 (full 0):
 PSYoungGen      total 38400K, used 4589K [0x00000000f5600000, 0x00000000fa400000, 0x0000000100000000)
  eden space 33792K, 0% used [0x00000000f5600000,0x00000000f5600000,0x00000000f7700000)
  from space 4608K, 99% used [0x00000000f7700000,0x00000000f7b7b6f8,0x00000000f7b80000)
  to   space 6144K, 0% used [0x00000000f9e00000,0x00000000f9e00000,0x00000000fa400000)
 ParOldGen       total 22016K, used 7697K [0x00000000e0200000, 0x00000000e1780000, 0x00000000f5600000)
  object space 22016K, 34% used [0x00000000e0200000,0x00000000e0984660,0x00000000e1780000)
 Metaspace       used 14522K, capacity 14684K, committed 14976K, reserved 1062912K
  class space    used 1769K, capacity 1874K, committed 1920K, reserved 1048576K
}
Event: 8.530 GC heap before
{Heap before GC invocations=8 (full 0):
 PSYoungGen      total 38400K, used 38381K [0x00000000f5600000, 0x00000000fa400000, 0x0000000100000000)
  eden space 33792K, 100% used [0x00000000f5600000,0x00000000f7700000,0x00000000f7700000)
  from space 4608K, 99% used [0x00000000f7700000,0x00000000f7b7b6f8,0x00000000f7b80000)
  to   space 6144K, 0% used [0x00000000f9e00000,0x00000000f9e00000,0x00000000fa400000)
 ParOldGen       total 22016K, used 7697K [0x00000000e0200000, 0x00000000e1780000, 0x00000000f5600000)
  object space 22016K, 34% used [0x00000000e0200000,0x00000000e0984660,0x00000000e1780000)
 Metaspace       used 15494K, capacity 15732K, committed 16128K, reserved 1062912K
  class space    used 1852K, capacity 1946K, committed 2048K, reserved 1048576K
Event: 8.554 GC heap after
Heap after GC invocations=8 (full 0):
 PSYoungGen      total 73216K, used 5840K [0x00000000f5600000, 0x00000000fa500000, 0x0000000100000000)
  eden space 67072K, 0% used [0x00000000f5600000,0x00000000f5600000,0x00000000f9780000)
  from space 6144K, 95% used [0x00000000f9e00000,0x00000000fa3b4010,0x00000000fa400000)
  to   space 6656K, 0% used [0x00000000f9780000,0x00000000f9780000,0x00000000f9e00000)
 ParOldGen       total 22016K, used 7865K [0x00000000e0200000, 0x00000000e1780000, 0x00000000f5600000)
  object space 22016K, 35% used [0x00000000e0200000,0x00000000e09ae670,0x00000000e1780000)
 Metaspace       used 15494K, capacity 15732K, committed 16128K, reserved 1062912K
  class space    used 1852K, capacity 1946K, committed 2048K, reserved 1048576K
}

