# JRE version: Java(TM) SE Runtime Environment (8.0_31-b13) (build 1.8.0_31-b13)
# Java VM: Java HotSpot(TM) 64-Bit Server VM (25.31-b07 mixed mode windows-amd64 compressed oops)
Heap:
 PSYoungGen      total 75776K, used 58962K [0x00000000f5600000, 0x00000000fa600000, 0x0000000100000000)
  eden space 69632K, 78% used [0x00000000f5600000,0x00000000f8b77168,0x00000000f9a00000)
  from space 6144K, 68% used [0x00000000fa000000,0x00000000fa41d958,0x00000000fa600000)
  to   space 6144K, 69% used [0x00000000f9a00000,0x00000000f9e30020,0x00000000fa000000)
 ParOldGen       total 22016K, used 11764K [0x00000000e0200000, 0x00000000e1780000, 0x00000000f5600000)
  object space 22016K, 53% used [0x00000000e0200000,0x00000000e0d7d1e0,0x00000000e1780000)
 Metaspace       used 17560K, capacity 18016K, committed 18176K, reserved 1064960K
  class space    used 2071K, capacity 2237K, committed 2304K, reserved 1048576K
GC Heap History (10 events):
Event: 1.658 GC heap after
Heap after GC invocations=2 (full 0):
 PSYoungGen      total 18432K, used 1008K [0x00000000f5600000, 0x00000000f6900000, 0x0000000100000000)
  eden space 17408K, 0% used [0x00000000f5600000,0x00000000f5600000,0x00000000f6700000)
  from space 1024K, 98% used [0x00000000f6800000,0x00000000f68fc010,0x00000000f6900000)
  to   space 1024K, 0% used [0x00000000f6700000,0x00000000f6700000,0x00000000f6800000)
 ParOldGen       total 22016K, used 2069K [0x00000000e0200000, 0x00000000e1780000, 0x00000000f5600000)
  object space 22016K, 9% used [0x00000000e0200000,0x00000000e04054f8,0x00000000e1780000)
 Metaspace       used 6506K, capacity 6680K, committed 6784K, reserved 1056768K
  class space    used 760K, capacity 824K, committed 896K, reserved 1048576K
}
Event: 2.372 GC heap before
{Heap before GC invocations=3 (full 0):
 PSYoungGen      total 18432K, used 18416K [0x00000000f5600000, 0x00000000f6900000, 0x0000000100000000)
  eden space 17408K, 100% used [0x00000000f5600000,0x00000000f6700000,0x00000000f6700000)
  from space 1024K, 98% used [0x00000000f6800000,0x00000000f68fc010,0x00000000f6900000)
  to   space 1024K, 0% used [0x00000000f6700000,0x00000000f6700000,0x00000000f6800000)
 ParOldGen       total 22016K, used 2069K [0x00000000e0200000, 0x00000000e1780000, 0x00000000f5600000)
  object space 22016K, 9% used [0x00000000e0200000,0x00000000e04054f8,0x00000000e1780000)
 Metaspace       used 7671K, capacity 7864K, committed 8064K, reserved 1056768K
  class space    used 960K, capacity 1048K, committed 1152K, reserved 1048576K
Event: 2.387 GC heap after
Heap after GC invocations=3 (full 0):
 PSYoungGen      total 18432K, used 992K [0x00000000f5600000, 0x00000000f7a00000, 0x0000000100000000)
  eden space 17408K, 0% used [0x00000000f5600000,0x00000000f5600000,0x00000000f6700000)
  from space 1024K, 96% used [0x00000000f6700000,0x00000000f67f8020,0x00000000f6800000)
  to   space 1024K, 0% used [0x00000000f7900000,0x00000000f7900000,0x00000000f7a00000)
 ParOldGen       total 22016K, used 3471K [0x00000000e0200000, 0x00000000e1780000, 0x00000000f5600000)
  object space 22016K, 15% used [0x00000000e0200000,0x00000000e0563e08,0x00000000e1780000)
 Metaspace       used 7671K, capacity 7864K, committed 8064K, reserved 1056768K
  class space    used 960K, capacity 1048K, committed 1152K, reserved 1048576K
}
Event: 3.380 GC heap before
{Heap before GC invocations=4 (full 0):
 PSYoungGen      total 18432K, used 18400K [0x00000000f5600000, 0x00000000f7a00000, 0x0000000100000000)
  eden space 17408K, 100% used [0x00000000f5600000,0x00000000f6700000,0x00000000f6700000)
  from space 1024K, 96% used [0x00000000f6700000,0x00000000f67f8020,0x00000000f6800000)
  to   space 1024K, 0% used [0x00000000f7900000,0x00000000f7900000,0x00000000f7a00000)
 ParOldGen       total 22016K, used 3471K [0x00000000e0200000, 0x00000000e1780000, 0x00000000f5600000)
  object space 22016K, 15% used [0x00000000e0200000,0x00000000e0563e08,0x00000000e1780000)
 Metaspace       used 9604K, capacity 9816K, committed 9984K, reserved 1058816K
  class space    used 1170K, capacity 1248K, committed 1280K, reserved 1048576K
Event: 3.393 GC heap after
Heap after GC invocations=4 (full 0):
 PSYoungGen      total 35840K, used 1008K [0x00000000f5600000, 0x00000000f7a00000, 0x0000000100000000)
  eden space 34816K, 0% used [0x00000000f5600000,0x00000000f5600000,0x00000000f7800000)
  from space 1024K, 98% used [0x00000000f7900000,0x00000000f79fc010,0x00000000f7a00000)
  to   space 1024K, 0% used [0x00000000f7800000,0x00000000f7800000,0x00000000f7900000)
 ParOldGen       total 22016K, used 6076K [0x00000000e0200000, 0x00000000e1780000, 0x00000000f5600000)
  object space 22016K, 27% used [0x00000000e0200000,0x00000000e07ef298,0x00000000e1780000)
 Metaspace       used 9604K, capacity 9816K, committed 9984K, reserved 1058816K
  class space    used 1170K, capacity 1248K, committed 1280K, reserved 1048576K
}
Event: 5.617 GC heap before
{Heap before GC invocations=5 (full 0):
 PSYoungGen      total 35840K, used 35824K [0x00000000f5600000, 0x00000000f7a00000, 0x0000000100000000)
  eden space 34816K, 100% used [0x00000000f5600000,0x00000000f7800000,0x00000000f7800000)
  from space 1024K, 98% used [0x00000000f7900000,0x00000000f79fc010,0x00000000f7a00000)
  to   space 1024K, 0% used [0x00000000f7800000,0x00000000f7800000,0x00000000f7900000)
 ParOldGen       total 22016K, used 6076K [0x00000000e0200000, 0x00000000e1780000, 0x00000000f5600000)
  object space 22016K, 27% used [0x00000000e0200000,0x00000000e07ef298,0x00000000e1780000)
 Metaspace       used 14012K, capacity 14176K, committed 14464K, reserved 1062912K
  class space    used 1731K, capacity 1838K, committed 1920K, reserved 1048576K
Event: 5.655 GC heap after
Heap after GC invocations=5 (full 0):
 PSYoungGen      total 35840K, used 1008K [0x00000000f5600000, 0x00000000fa600000, 0x0000000100000000)
  eden space 34816K, 0% used [0x00000000f5600000,0x00000000f5600000,0x00000000f7800000)
  from space 1024K, 98% used [0x00000000f7800000,0x00000000f78fc030,0x00000000f7900000)
  to   space 6144K, 0% used [0x00000000fa000000,0x00000000fa000000,0x00000000fa600000)
 ParOldGen       total 22016K, used 11396K [0x00000000e0200000, 0x00000000e1780000, 0x00000000f5600000)
  object space 22016K, 51% used [0x00000000e0200000,0x00000000e0d21190,0x00000000e1780000)
 Metaspace       used 14012K, capacity 14176K, committed 14464K, reserved 1062912K
  class space    used 1731K, capacity 1838K, committed 1920K, reserved 1048576K
}
Event: 7.792 GC heap before
{Heap before GC invocations=6 (full 0):
 PSYoungGen      total 35840K, used 35824K [0x00000000f5600000, 0x00000000fa600000, 0x0000000100000000)
  eden space 34816K, 100% used [0x00000000f5600000,0x00000000f7800000,0x00000000f7800000)
  from space 1024K, 98% used [0x00000000f7800000,0x00000000f78fc030,0x00000000f7900000)
  to   space 6144K, 0% used [0x00000000fa000000,0x00000000fa000000,0x00000000fa600000)
 ParOldGen       total 22016K, used 11396K [0x00000000e0200000, 0x00000000e1780000, 0x00000000f5600000)
  object space 22016K, 51% used [0x00000000e0200000,0x00000000e0d21190,0x00000000e1780000)
 Metaspace       used 15214K, capacity 15568K, committed 15872K, reserved 1062912K
  class space    used 1855K, capacity 1978K, committed 2048K, reserved 1048576K
Event: 7.828 GC heap after
Heap after GC invocations=6 (full 0):
 PSYoungGen      total 75776K, used 4214K [0x00000000f5600000, 0x00000000fa600000, 0x0000000100000000)
  eden space 69632K, 0% used [0x00000000f5600000,0x00000000f5600000,0x00000000f9a00000)
  from space 6144K, 68% used [0x00000000fa000000,0x00000000fa41d958,0x00000000fa600000)
  to   space 6144K, 0% used [0x00000000f9a00000,0x00000000f9a00000,0x00000000fa000000)
 ParOldGen       total 22016K, used 11404K [0x00000000e0200000, 0x00000000e1780000, 0x00000000f5600000)
  object space 22016K, 51% used [0x00000000e0200000,0x00000000e0d23190,0x00000000e1780000)
 Metaspace       used 15214K, capacity 15568K, committed 15872K, reserved 1062912K
  class space    used 1855K, capacity 1978K, committed 2048K, reserved 1048576K
}
Event: 11.676 GC heap before
{Heap before GC invocations=7 (full 0):
 PSYoungGen      total 75776K, used 58962K [0x00000000f5600000, 0x00000000fa600000, 0x0000000100000000)
  eden space 69632K, 78% used [0x00000000f5600000,0x00000000f8b77168,0x00000000f9a00000)
  from space 6144K, 68% used [0x00000000fa000000,0x00000000fa41d958,0x00000000fa600000)
  to   space 6144K, 0% used [0x00000000f9a00000,0x00000000f9a00000,0x00000000fa000000)
 ParOldGen       total 22016K, used 11404K [0x00000000e0200000, 0x00000000e1780000, 0x00000000f5600000)
  object space 22016K, 51% used [0x00000000e0200000,0x00000000e0d23190,0x00000000e1780000)
 Metaspace       used 17560K, capacity 18016K, committed 18176K, reserved 1064960K
  class space    used 2071K, capacity 2237K, committed 2304K, reserved 1048576K

