# JRE version: Java(TM) SE Runtime Environment (8.0_31-b13) (build 1.8.0_31-b13)
# Java VM: Java HotSpot(TM) 64-Bit Server VM (25.31-b07 mixed mode windows-amd64 compressed oops)
Heap:
 PSYoungGen      total 38400K, used 38393K [0x00000000f5600000, 0x00000000fa400000, 0x0000000100000000)
  eden space 33792K, 100% used [0x00000000f5600000,0x00000000f7700000,0x00000000f7700000)
  from space 4608K, 99% used [0x00000000f7700000,0x00000000f7b7e788,0x00000000f7b80000)
  to   space 6144K, 93% used [0x00000000f9e00000,0x00000000fa399fe0,0x00000000fa400000)
 ParOldGen       total 22016K, used 8426K [0x00000000e0200000, 0x00000000e1780000, 0x00000000f5600000)
  object space 22016K, 38% used [0x00000000e0200000,0x00000000e0a3aa58,0x00000000e1780000)
 Metaspace       used 16789K, capacity 17084K, committed 17280K, reserved 1064960K
  class space    used 2039K, capacity 2149K, committed 2176K, reserved 1048576K
GC Heap History (10 events):
Event: 2.609 GC heap after
Heap after GC invocations=3 (full 0):
 PSYoungGen      total 9728K, used 992K [0x00000000f5600000, 0x00000000f6900000, 0x0000000100000000)
  eden space 8704K, 0% used [0x00000000f5600000,0x00000000f5600000,0x00000000f5e80000)
  from space 1024K, 96% used [0x00000000f5e80000,0x00000000f5f78020,0x00000000f5f80000)
  to   space 1024K, 0% used [0x00000000f6800000,0x00000000f6800000,0x00000000f6900000)
 ParOldGen       total 22016K, used 2974K [0x00000000e0200000, 0x00000000e1780000, 0x00000000f5600000)
  object space 22016K, 13% used [0x00000000e0200000,0x00000000e04e7b40,0x00000000e1780000)
 Metaspace       used 7487K, capacity 7660K, committed 7936K, reserved 1056768K
  class space    used 909K, capacity 984K, committed 1024K, reserved 1048576K
}
Event: 3.107 GC heap before
{Heap before GC invocations=4 (full 0):
 PSYoungGen      total 9728K, used 9696K [0x00000000f5600000, 0x00000000f6900000, 0x0000000100000000)
  eden space 8704K, 100% used [0x00000000f5600000,0x00000000f5e80000,0x00000000f5e80000)
  from space 1024K, 96% used [0x00000000f5e80000,0x00000000f5f78020,0x00000000f5f80000)
  to   space 1024K, 0% used [0x00000000f6800000,0x00000000f6800000,0x00000000f6900000)
 ParOldGen       total 22016K, used 2974K [0x00000000e0200000, 0x00000000e1780000, 0x00000000f5600000)
  object space 22016K, 13% used [0x00000000e0200000,0x00000000e04e7b40,0x00000000e1780000)
 Metaspace       used 7677K, capacity 7820K, committed 7936K, reserved 1056768K
  class space    used 959K, capacity 1016K, committed 1024K, reserved 1048576K
Event: 3.117 GC heap after
Heap after GC invocations=4 (full 0):
 PSYoungGen      total 18432K, used 1024K [0x00000000f5600000, 0x00000000f6900000, 0x0000000100000000)
  eden space 17408K, 0% used [0x00000000f5600000,0x00000000f5600000,0x00000000f6700000)
  from space 1024K, 100% used [0x00000000f6800000,0x00000000f6900000,0x00000000f6900000)
  to   space 1024K, 0% used [0x00000000f6700000,0x00000000f6700000,0x00000000f6800000)
 ParOldGen       total 22016K, used 3474K [0x00000000e0200000, 0x00000000e1780000, 0x00000000f5600000)
  object space 22016K, 15% used [0x00000000e0200000,0x00000000e0564a40,0x00000000e1780000)
 Metaspace       used 7677K, capacity 7820K, committed 7936K, reserved 1056768K
  class space    used 959K, capacity 1016K, committed 1024K, reserved 1048576K
}
Event: 3.829 GC heap before
{Heap before GC invocations=5 (full 0):
 PSYoungGen      total 18432K, used 18432K [0x00000000f5600000, 0x00000000f6900000, 0x0000000100000000)
  eden space 17408K, 100% used [0x00000000f5600000,0x00000000f6700000,0x00000000f6700000)
  from space 1024K, 100% used [0x00000000f6800000,0x00000000f6900000,0x00000000f6900000)
  to   space 1024K, 0% used [0x00000000f6700000,0x00000000f6700000,0x00000000f6800000)
 ParOldGen       total 22016K, used 3474K [0x00000000e0200000, 0x00000000e1780000, 0x00000000f5600000)
  object space 22016K, 15% used [0x00000000e0200000,0x00000000e0564a40,0x00000000e1780000)
 Metaspace       used 9621K, capacity 9804K, committed 9984K, reserved 1058816K
  class space    used 1172K, capacity 1248K, committed 1280K, reserved 1048576K
Event: 3.840 GC heap after
Heap after GC invocations=5 (full 0):
 PSYoungGen      total 18432K, used 1024K [0x00000000f5600000, 0x00000000f7f00000, 0x0000000100000000)
  eden space 17408K, 0% used [0x00000000f5600000,0x00000000f5600000,0x00000000f6700000)
  from space 1024K, 100% used [0x00000000f6700000,0x00000000f6800000,0x00000000f6800000)
  to   space 3584K, 0% used [0x00000000f7b80000,0x00000000f7b80000,0x00000000f7f00000)
 ParOldGen       total 22016K, used 6082K [0x00000000e0200000, 0x00000000e1780000, 0x00000000f5600000)
  object space 22016K, 27% used [0x00000000e0200000,0x00000000e07f0a50,0x00000000e1780000)
 Metaspace       used 9621K, capacity 9804K, committed 9984K, reserved 1058816K
  class space    used 1172K, capacity 1248K, committed 1280K, reserved 1048576K
}
Event: 4.468 GC heap before
{Heap before GC invocations=6 (full 0):
 PSYoungGen      total 18432K, used 18432K [0x00000000f5600000, 0x00000000f7f00000, 0x0000000100000000)
  eden space 17408K, 100% used [0x00000000f5600000,0x00000000f6700000,0x00000000f6700000)
  from space 1024K, 100% used [0x00000000f6700000,0x00000000f6800000,0x00000000f6800000)
  to   space 3584K, 0% used [0x00000000f7b80000,0x00000000f7b80000,0x00000000f7f00000)
 ParOldGen       total 22016K, used 6082K [0x00000000e0200000, 0x00000000e1780000, 0x00000000f5600000)
  object space 22016K, 27% used [0x00000000e0200000,0x00000000e07f0a50,0x00000000e1780000)
 Metaspace       used 11530K, capacity 11710K, committed 11904K, reserved 1058816K
  class space    used 1449K, capacity 1541K, committed 1664K, reserved 1048576K
Event: 4.480 GC heap after
Heap after GC invocations=6 (full 0):
 PSYoungGen      total 37376K, used 3556K [0x00000000f5600000, 0x00000000f8100000, 0x0000000100000000)
  eden space 33792K, 0% used [0x00000000f5600000,0x00000000f5600000,0x00000000f7700000)
  from space 3584K, 99% used [0x00000000f7b80000,0x00000000f7ef9340,0x00000000f7f00000)
  to   space 4608K, 0% used [0x00000000f7700000,0x00000000f7700000,0x00000000f7b80000)
 ParOldGen       total 22016K, used 6285K [0x00000000e0200000, 0x00000000e1780000, 0x00000000f5600000)
  object space 22016K, 28% used [0x00000000e0200000,0x00000000e08234d8,0x00000000e1780000)
 Metaspace       used 11530K, capacity 11710K, committed 11904K, reserved 1058816K
  class space    used 1449K, capacity 1541K, committed 1664K, reserved 1048576K
}
Event: 6.221 GC heap before
{Heap before GC invocations=7 (full 0):
 PSYoungGen      total 37376K, used 37348K [0x00000000f5600000, 0x00000000f8100000, 0x0000000100000000)
  eden space 33792K, 100% used [0x00000000f5600000,0x00000000f7700000,0x00000000f7700000)
  from space 3584K, 99% used [0x00000000f7b80000,0x00000000f7ef9340,0x00000000f7f00000)
  to   space 4608K, 0% used [0x00000000f7700000,0x00000000f7700000,0x00000000f7b80000)
 ParOldGen       total 22016K, used 6285K [0x00000000e0200000, 0x00000000e1780000, 0x00000000f5600000)
  object space 22016K, 28% used [0x00000000e0200000,0x00000000e08234d8,0x00000000e1780000)
 Metaspace       used 14396K, capacity 14668K, committed 14976K, reserved 1062912K
  class space    used 1758K, capacity 1874K, committed 1920K, reserved 1048576K
Event: 6.248 GC heap after
Heap after GC invocations=7 (full 0):
 PSYoungGen      total 38400K, used 4601K [0x00000000f5600000, 0x00000000fa400000, 0x0000000100000000)
  eden space 33792K, 0% used [0x00000000f5600000,0x00000000f5600000,0x00000000f7700000)
  from space 4608K, 99% used [0x00000000f7700000,0x00000000f7b7e788,0x00000000f7b80000)
  to   space 6144K, 0% used [0x00000000f9e00000,0x00000000f9e00000,0x00000000fa400000)
 ParOldGen       total 22016K, used 8250K [0x00000000e0200000, 0x00000000e1780000, 0x00000000f5600000)
  object space 22016K, 37% used [0x00000000e0200000,0x00000000e0a0ea48,0x00000000e1780000)
 Metaspace       used 14396K, capacity 14668K, committed 14976K, reserved 1062912K
  class space    used 1758K, capacity 1874K, committed 1920K, reserved 1048576K
}
Event: 9.283 GC heap before
{Heap before GC invocations=8 (full 0):
 PSYoungGen      total 38400K, used 38393K [0x00000000f5600000, 0x00000000fa400000, 0x0000000100000000)
  eden space 33792K, 100% used [0x00000000f5600000,0x00000000f7700000,0x00000000f7700000)
  from space 4608K, 99% used [0x00000000f7700000,0x00000000f7b7e788,0x00000000f7b80000)
  to   space 6144K, 0% used [0x00000000f9e00000,0x00000000f9e00000,0x00000000fa400000)
 ParOldGen       total 22016K, used 8250K [0x00000000e0200000, 0x00000000e1780000, 0x00000000f5600000)
  object space 22016K, 37% used [0x00000000e0200000,0x00000000e0a0ea48,0x00000000e1780000)
 Metaspace       used 16789K, capacity 17084K, committed 17280K, reserved 1064960K
  class space    used 2039K, capacity 2149K, committed 2176K, reserved 1048576K

